23/10/2022 10:42:59 +0200 DEBUG:Starting new HTTPS connection (1): userapi.alms.dev.alemira.com:443
23/10/2022 10:43:00 +0200 DEBUG:https://userapi.alms.dev.alemira.com:443 "GET /api/v1/users HTTP/1.1" 200 None
23/10/2022 10:43:10 +0200 DEBUG:Starting new HTTPS connection (1): userapi.alms.dev.alemira.com:443
23/10/2022 10:43:10 +0200 DEBUG:https://userapi.alms.dev.alemira.com:443 "POST /api/v1/users HTTP/1.1" 415 None
23/10/2022 10:48:58 +0200 DEBUG:Starting new HTTPS connection (1): userapi.alms.dev.alemira.com:443
23/10/2022 10:48:58 +0200 DEBUG:https://userapi.alms.dev.alemira.com:443 "GET /api/v1/users HTTP/1.1" 200 None
23/10/2022 11:03:31 +0200 DEBUG:Starting new HTTPS connection (1): userapi.alms.dev.alemira.com:443
23/10/2022 11:03:31 +0200 DEBUG:https://userapi.alms.dev.alemira.com:443 "GET /api/v1/lms-users HTTP/1.1" 200 None
23/10/2022 11:03:39 +0200 DEBUG:Starting new HTTPS connection (1): userapi.alms.dev.alemira.com:443
23/10/2022 11:03:39 +0200 DEBUG:https://userapi.alms.dev.alemira.com:443 "POST /api/v1/lms-users HTTP/1.1" 415 None
23/10/2022 11:06:21 +0200 DEBUG:Starting new HTTPS connection (1): userapi.alms.dev.alemira.com:443
23/10/2022 11:06:21 +0200 DEBUG:https://userapi.alms.dev.alemira.com:443 "GET /api/v1/lms-users HTTP/1.1" 200 None
23/10/2022 11:06:30 +0200 DEBUG:Starting new HTTPS connection (1): userapi.alms.dev.alemira.com:443
23/10/2022 11:06:31 +0200 DEBUG:https://userapi.alms.dev.alemira.com:443 "POST /api/v1/lms-users HTTP/1.1" 415 None
23/10/2022 11:19:17 +0200 DEBUG:Starting new HTTPS connection (1): userapi.alms.dev.alemira.com:443
23/10/2022 11:19:17 +0200 DEBUG:https://userapi.alms.dev.alemira.com:443 "GET /api/v1/lms-users HTTP/1.1" 200 None
23/10/2022 11:24:17 +0200 DEBUG:Starting new HTTPS connection (1): userapi.alms.dev.alemira.com:443
23/10/2022 11:24:17 +0200 DEBUG:https://userapi.alms.dev.alemira.com:443 "GET /api/v1/lms-users HTTP/1.1" 200 None
23/10/2022 11:24:20 +0200 DEBUG:Starting new HTTPS connection (1): userapi.alms.dev.alemira.com:443
23/10/2022 11:24:20 +0200 DEBUG:https://userapi.alms.dev.alemira.com:443 "POST /api/v1/lms-users HTTP/1.1" 202 None
23/10/2022 11:28:42 +0200 DEBUG:Starting new HTTPS connection (1): userapi.alms.dev.alemira.com:443
23/10/2022 11:28:42 +0200 DEBUG:https://userapi.alms.dev.alemira.com:443 "GET /api/v1/lms-users HTTP/1.1" 200 None
23/10/2022 11:28:44 +0200 DEBUG:Starting new HTTPS connection (1): userapi.alms.dev.alemira.com:443
23/10/2022 11:28:44 +0200 DEBUG:https://userapi.alms.dev.alemira.com:443 "POST /api/v1/lms-users HTTP/1.1" 202 None
