[2022-11-23 15:21:40,418] Ketais-MacBook-Pro.local/INFO/locust.main: Starting web interface at http://0.0.0.0:8089 (accepting connections from all network interfaces)
[2022-11-23 15:21:40,431] Ketais-MacBook-Pro.local/INFO/locust.main: Starting Locust 2.12.2
[2022-11-23 15:21:57,627] Ketais-MacBook-Pro.local/INFO/locust.runners: Shape test starting. User count and spawn rate are ignored for this type of load test
[2022-11-23 15:21:57,628] Ketais-MacBook-Pro.local/INFO/locust.runners: Shape worker starting
[2022-11-23 15:21:57,628] Ketais-MacBook-Pro.local/INFO/locust.runners: Shape test updating to 1 users at 1.00 spawn rate
[2022-11-23 15:21:57,628] Ketais-MacBook-Pro.local/INFO/locust.runners: Ramping to 1 users at a rate of 1.00 per second
[2022-11-23 15:21:57,629] Ketais-MacBook-Pro.local/INFO/locust.runners: All users spawned: {"InstructorUser": 0, "StudentUser": 1} (1 total users)
[2022-11-23 15:21:57,629] Ketais-MacBook-Pro.local/INFO/root: [TASK] visit my courses
[2022-11-23 15:21:57,832] Ketais-MacBook-Pro.local/INFO/root: Learner hY7Djq.PO.6aV6mnB@Ju.s.gybV login
[2022-11-23 15:21:57,940] Ketais-MacBook-Pro.local/INFO/root: student hY7Djq.PO.6aV6mnB@Ju.s.gybV visits my courses.
[2022-11-23 15:22:05,164] Ketais-MacBook-Pro.local/INFO/root: [TASK] visit my courses
[2022-11-23 15:22:05,235] Ketais-MacBook-Pro.local/INFO/root: Learner o9.1.FnWfGIqb@h.kN.jTbj login
[2022-11-23 15:22:05,272] Ketais-MacBook-Pro.local/INFO/root: student o9.1.FnWfGIqb@h.kN.jTbj visits my courses.
[2022-11-23 15:22:14,764] Ketais-MacBook-Pro.local/INFO/root: [TASK] visit my courses
[2022-11-23 15:22:14,830] Ketais-MacBook-Pro.local/INFO/root: Learner OHnXfJazTcHNX.8.wprpc@19.yr.NKgxM5 login
[2022-11-23 15:22:14,868] Ketais-MacBook-Pro.local/INFO/root: student OHnXfJazTcHNX.8.wprpc@19.yr.NKgxM5 visits my courses.
[2022-11-23 15:22:22,747] Ketais-MacBook-Pro.local/INFO/root: [TASK] visit my courses
[2022-11-23 15:22:22,751] Ketais-MacBook-Pro.local/INFO/root: Learner o9.1.FnWfGIqb@h.kN.jTbj login
[2022-11-23 15:22:22,791] Ketais-MacBook-Pro.local/INFO/root: student o9.1.FnWfGIqb@h.kN.jTbj visits my courses.
[2022-11-23 15:22:30,376] Ketais-MacBook-Pro.local/INFO/root: [TASK] visit my courses
[2022-11-23 15:22:30,450] Ketais-MacBook-Pro.local/INFO/root: Learner 6vGxd.oZv7alQN1.kPlVG@o.zvKUG login
[2022-11-23 15:22:30,487] Ketais-MacBook-Pro.local/INFO/root: student 6vGxd.oZv7alQN1.kPlVG@o.zvKUG visits my courses.
[2022-11-23 15:22:39,680] Ketais-MacBook-Pro.local/INFO/root: [TASK] visit my courses
[2022-11-23 15:22:39,685] Ketais-MacBook-Pro.local/INFO/root: Learner hY7Djq.PO.6aV6mnB@Ju.s.gybV login
[2022-11-23 15:22:39,731] Ketais-MacBook-Pro.local/INFO/root: student hY7Djq.PO.6aV6mnB@Ju.s.gybV visits my courses.
[2022-11-23 15:22:49,009] Ketais-MacBook-Pro.local/INFO/root: [TASK] visit my courses
[2022-11-23 15:22:49,013] Ketais-MacBook-Pro.local/INFO/root: Learner OHnXfJazTcHNX.8.wprpc@19.yr.NKgxM5 login
[2022-11-23 15:22:49,045] Ketais-MacBook-Pro.local/INFO/root: student OHnXfJazTcHNX.8.wprpc@19.yr.NKgxM5 visits my courses.
[2022-11-23 15:22:55,918] Ketais-MacBook-Pro.local/INFO/root: [TASK] visit my courses
[2022-11-23 15:22:56,014] Ketais-MacBook-Pro.local/INFO/root: Learner DKUjEqXKFif.RDkqo@I.LUcMk login
[2022-11-23 15:22:57,040] Ketais-MacBook-Pro.local/INFO/root: student DKUjEqXKFif.RDkqo@I.LUcMk visits my courses.
[2022-11-23 15:22:57,781] Ketais-MacBook-Pro.local/INFO/root: second stage starts.
[2022-11-23 15:22:57,781] Ketais-MacBook-Pro.local/INFO/locust.runners: Shape test updating to 2 users at 1.00 spawn rate
[2022-11-23 15:22:57,782] Ketais-MacBook-Pro.local/INFO/locust.runners: Ramping to 2 users at a rate of 1.00 per second
[2022-11-23 15:22:57,782] Ketais-MacBook-Pro.local/INFO/locust.runners: All users spawned: {"InstructorUser": 0, "StudentUser": 2} (2 total users)
[2022-11-23 15:22:57,783] Ketais-MacBook-Pro.local/INFO/root: [TASK] visit one course
[2022-11-23 15:22:57,786] Ketais-MacBook-Pro.local/INFO/root: Learner hY7Djq.PO.6aV6mnB@Ju.s.gybV login
[2022-11-23 15:22:58,478] Ketais-MacBook-Pro.local/INFO/root: student hY7Djq.PO.6aV6mnB@Ju.s.gybV visits course AAS201.
[2022-11-23 15:23:06,071] Ketais-MacBook-Pro.local/INFO/root: [TASK] visit my courses
[2022-11-23 15:23:06,076] Ketais-MacBook-Pro.local/INFO/root: Learner 6vGxd.oZv7alQN1.kPlVG@o.zvKUG login
[2022-11-23 15:23:06,112] Ketais-MacBook-Pro.local/INFO/root: student 6vGxd.oZv7alQN1.kPlVG@o.zvKUG visits my courses.
[2022-11-23 15:23:06,411] Ketais-MacBook-Pro.local/INFO/root: [TASK] visit my courses
[2022-11-23 15:23:06,416] Ketais-MacBook-Pro.local/INFO/root: Learner DKUjEqXKFif.RDkqo@I.LUcMk login
[2022-11-23 15:23:06,448] Ketais-MacBook-Pro.local/INFO/root: student DKUjEqXKFif.RDkqo@I.LUcMk visits my courses.
[2022-11-23 15:23:13,046] Ketais-MacBook-Pro.local/INFO/root: [TASK] visit one course
[2022-11-23 15:23:13,050] Ketais-MacBook-Pro.local/INFO/root: Learner DKUjEqXKFif.RDkqo@I.LUcMk login
[2022-11-23 15:23:14,024] Ketais-MacBook-Pro.local/INFO/root: student DKUjEqXKFif.RDkqo@I.LUcMk visits course AAS246.
[2022-11-23 15:23:15,275] Ketais-MacBook-Pro.local/INFO/root: [TASK] visit one course
[2022-11-23 15:23:15,280] Ketais-MacBook-Pro.local/INFO/root: Learner hY7Djq.PO.6aV6mnB@Ju.s.gybV login
[2022-11-23 15:23:15,661] Ketais-MacBook-Pro.local/INFO/root: student hY7Djq.PO.6aV6mnB@Ju.s.gybV visits course USI3.
[2022-11-23 15:23:20,850] Ketais-MacBook-Pro.local/INFO/root: [TASK] start one course
[2022-11-23 15:23:20,856] Ketais-MacBook-Pro.local/INFO/root: Learner hY7Djq.PO.6aV6mnB@Ju.s.gybV login
[2022-11-23 15:23:24,091] Ketais-MacBook-Pro.local/INFO/root: [TASK] visit one course
[2022-11-23 15:23:24,094] Ketais-MacBook-Pro.local/INFO/root: Learner OHnXfJazTcHNX.8.wprpc@19.yr.NKgxM5 login
[2022-11-23 15:23:24,476] Ketais-MacBook-Pro.local/INFO/root: student OHnXfJazTcHNX.8.wprpc@19.yr.NKgxM5 visits course AAS200.
[2022-11-23 15:23:27,572] Ketais-MacBook-Pro.local/INFO/root: student hY7Djq.PO.6aV6mnB@Ju.s.gybV starts course USI3.
[2022-11-23 15:23:33,308] Ketais-MacBook-Pro.local/INFO/root: [TASK] visit my courses
[2022-11-23 15:23:33,313] Ketais-MacBook-Pro.local/INFO/root: Learner DKUjEqXKFif.RDkqo@I.LUcMk login
[2022-11-23 15:23:33,347] Ketais-MacBook-Pro.local/INFO/root: student DKUjEqXKFif.RDkqo@I.LUcMk visits my courses.
[2022-11-23 15:23:33,781] Ketais-MacBook-Pro.local/INFO/root: [TASK] visit one course
[2022-11-23 15:23:33,785] Ketais-MacBook-Pro.local/INFO/root: Learner OHnXfJazTcHNX.8.wprpc@19.yr.NKgxM5 login
[2022-11-23 15:23:34,156] Ketais-MacBook-Pro.local/INFO/root: student OHnXfJazTcHNX.8.wprpc@19.yr.NKgxM5 visits course USI0.
[2022-11-23 15:23:40,811] Ketais-MacBook-Pro.local/INFO/root: [TASK] visit one course
[2022-11-23 15:23:40,815] Ketais-MacBook-Pro.local/INFO/root: Learner hY7Djq.PO.6aV6mnB@Ju.s.gybV login
[2022-11-23 15:23:41,225] Ketais-MacBook-Pro.local/INFO/root: student hY7Djq.PO.6aV6mnB@Ju.s.gybV visits course AAS275.
[2022-11-23 15:23:42,476] Ketais-MacBook-Pro.local/INFO/root: [TASK] visit one course
[2022-11-23 15:23:42,480] Ketais-MacBook-Pro.local/INFO/root: Learner OHnXfJazTcHNX.8.wprpc@19.yr.NKgxM5 login
[2022-11-23 15:23:42,804] Ketais-MacBook-Pro.local/INFO/root: student OHnXfJazTcHNX.8.wprpc@19.yr.NKgxM5 visits course AAS200.
[2022-11-23 15:23:49,042] Ketais-MacBook-Pro.local/INFO/root: [TASK] start one course
[2022-11-23 15:23:49,046] Ketais-MacBook-Pro.local/INFO/root: Learner hY7Djq.PO.6aV6mnB@Ju.s.gybV login
[2022-11-23 15:23:49,669] Ketais-MacBook-Pro.local/INFO/root: student hY7Djq.PO.6aV6mnB@Ju.s.gybV starts course USI4.
[2022-11-23 15:23:50,153] Ketais-MacBook-Pro.local/INFO/root: [TASK] visit my courses
[2022-11-23 15:23:50,157] Ketais-MacBook-Pro.local/INFO/root: Learner DKUjEqXKFif.RDkqo@I.LUcMk login
[2022-11-23 15:23:50,190] Ketais-MacBook-Pro.local/INFO/root: student DKUjEqXKFif.RDkqo@I.LUcMk visits my courses.
[2022-11-23 15:23:58,091] Ketais-MacBook-Pro.local/INFO/locust.runners: Shape test updating to 3 users at 1.00 spawn rate
[2022-11-23 15:23:58,091] Ketais-MacBook-Pro.local/INFO/locust.runners: Ramping to 3 users at a rate of 1.00 per second
[2022-11-23 15:23:58,091] Ketais-MacBook-Pro.local/INFO/locust.runners: All users spawned: {"InstructorUser": 0, "StudentUser": 3} (3 total users)
[2022-11-23 15:23:58,092] Ketais-MacBook-Pro.local/INFO/root: [TASK] visit one course
[2022-11-23 15:23:58,095] Ketais-MacBook-Pro.local/INFO/root: Learner DKUjEqXKFif.RDkqo@I.LUcMk login
[2022-11-23 15:23:58,415] Ketais-MacBook-Pro.local/INFO/root: [TASK] download one attachment from one course
[2022-11-23 15:23:58,420] Ketais-MacBook-Pro.local/INFO/root: Learner 6vGxd.oZv7alQN1.kPlVG@o.zvKUG login
[2022-11-23 15:23:58,620] Ketais-MacBook-Pro.local/INFO/root: student DKUjEqXKFif.RDkqo@I.LUcMk visits course AAS200.
[2022-11-23 15:23:58,937] Ketais-MacBook-Pro.local/INFO/root: student 6vGxd.oZv7alQN1.kPlVG@o.zvKUG downloads attachment from course USI2.
[2022-11-23 15:23:59,194] Ketais-MacBook-Pro.local/INFO/root: [TASK] visit my courses
[2022-11-23 15:23:59,197] Ketais-MacBook-Pro.local/INFO/root: Learner hY7Djq.PO.6aV6mnB@Ju.s.gybV login
[2022-11-23 15:23:59,229] Ketais-MacBook-Pro.local/INFO/root: student hY7Djq.PO.6aV6mnB@Ju.s.gybV visits my courses.
[2022-11-23 15:24:05,201] Ketais-MacBook-Pro.local/INFO/root: [TASK] visit one course
[2022-11-23 15:24:05,206] Ketais-MacBook-Pro.local/INFO/root: Learner o9.1.FnWfGIqb@h.kN.jTbj login
[2022-11-23 15:24:05,570] Ketais-MacBook-Pro.local/INFO/root: student o9.1.FnWfGIqb@h.kN.jTbj visits course USI4.
[2022-11-23 15:24:06,099] Ketais-MacBook-Pro.local/INFO/root: [TASK] visit one course
[2022-11-23 15:24:06,103] Ketais-MacBook-Pro.local/INFO/root: Learner DKUjEqXKFif.RDkqo@I.LUcMk login
[2022-11-23 15:24:06,466] Ketais-MacBook-Pro.local/INFO/root: student DKUjEqXKFif.RDkqo@I.LUcMk visits course AAS275.
[2022-11-23 15:24:07,446] Ketais-MacBook-Pro.local/INFO/root: [TASK] start one course
[2022-11-23 15:24:07,449] Ketais-MacBook-Pro.local/INFO/root: Learner DKUjEqXKFif.RDkqo@I.LUcMk login
[2022-11-23 15:24:09,100] Ketais-MacBook-Pro.local/INFO/root: student DKUjEqXKFif.RDkqo@I.LUcMk starts course USI3.
[2022-11-23 15:24:11,856] Ketais-MacBook-Pro.local/INFO/root: [TASK] visit one course
[2022-11-23 15:24:11,860] Ketais-MacBook-Pro.local/INFO/root: Learner hY7Djq.PO.6aV6mnB@Ju.s.gybV login
[2022-11-23 15:24:12,248] Ketais-MacBook-Pro.local/INFO/root: student hY7Djq.PO.6aV6mnB@Ju.s.gybV visits course AAS275.
[2022-11-23 15:24:14,809] Ketais-MacBook-Pro.local/INFO/root: [TASK] start one course
[2022-11-23 15:24:14,814] Ketais-MacBook-Pro.local/INFO/root: Learner OHnXfJazTcHNX.8.wprpc@19.yr.NKgxM5 login
[2022-11-23 15:24:15,367] Ketais-MacBook-Pro.local/INFO/root: student OHnXfJazTcHNX.8.wprpc@19.yr.NKgxM5 starts course USI0.
[2022-11-23 15:24:15,370] Ketais-MacBook-Pro.local/INFO/root: [TASK] visit one course
[2022-11-23 15:24:15,374] Ketais-MacBook-Pro.local/INFO/root: Learner o9.1.FnWfGIqb@h.kN.jTbj login
[2022-11-23 15:24:15,775] Ketais-MacBook-Pro.local/INFO/root: student o9.1.FnWfGIqb@h.kN.jTbj visits course AAS343.
[2022-11-23 15:24:20,914] Ketais-MacBook-Pro.local/INFO/root: [TASK] visit one course
[2022-11-23 15:24:20,919] Ketais-MacBook-Pro.local/INFO/root: Learner o9.1.FnWfGIqb@h.kN.jTbj login
[2022-11-23 15:24:21,991] Ketais-MacBook-Pro.local/INFO/root: student o9.1.FnWfGIqb@h.kN.jTbj visits course USI0.
[2022-11-23 15:24:23,326] Ketais-MacBook-Pro.local/INFO/root: [TASK] visit one course
[2022-11-23 15:24:23,329] Ketais-MacBook-Pro.local/INFO/root: Learner 6vGxd.oZv7alQN1.kPlVG@o.zvKUG login
[2022-11-23 15:24:23,761] Ketais-MacBook-Pro.local/INFO/root: student 6vGxd.oZv7alQN1.kPlVG@o.zvKUG visits course AAS281.
[2022-11-23 15:24:25,372] Ketais-MacBook-Pro.local/INFO/root: [TASK] visit one course
[2022-11-23 15:24:25,376] Ketais-MacBook-Pro.local/INFO/root: Learner hY7Djq.PO.6aV6mnB@Ju.s.gybV login
[2022-11-23 15:24:25,696] Ketais-MacBook-Pro.local/INFO/root: student hY7Djq.PO.6aV6mnB@Ju.s.gybV visits course AAS275.
[2022-11-23 15:24:30,391] Ketais-MacBook-Pro.local/INFO/root: [TASK] visit one course
[2022-11-23 15:24:30,395] Ketais-MacBook-Pro.local/INFO/root: Learner OHnXfJazTcHNX.8.wprpc@19.yr.NKgxM5 login
[2022-11-23 15:24:30,642] Ketais-MacBook-Pro.local/INFO/root: [TASK] visit one course
[2022-11-23 15:24:30,645] Ketais-MacBook-Pro.local/INFO/root: Learner DKUjEqXKFif.RDkqo@I.LUcMk login
[2022-11-23 15:24:31,789] Ketais-MacBook-Pro.local/INFO/root: student DKUjEqXKFif.RDkqo@I.LUcMk visits course USI2.
[2022-11-23 15:24:31,984] Ketais-MacBook-Pro.local/INFO/root: student OHnXfJazTcHNX.8.wprpc@19.yr.NKgxM5 visits course AAS300.
[2022-11-23 15:24:34,293] Ketais-MacBook-Pro.local/INFO/root: [TASK] visit one course
[2022-11-23 15:24:34,297] Ketais-MacBook-Pro.local/INFO/root: Learner 6vGxd.oZv7alQN1.kPlVG@o.zvKUG login
[2022-11-23 15:24:34,762] Ketais-MacBook-Pro.local/INFO/root: student 6vGxd.oZv7alQN1.kPlVG@o.zvKUG visits course USI3.
[2022-11-23 15:24:37,850] Ketais-MacBook-Pro.local/INFO/root: [TASK] visit one course
[2022-11-23 15:24:37,854] Ketais-MacBook-Pro.local/INFO/root: Learner o9.1.FnWfGIqb@h.kN.jTbj login
[2022-11-23 15:24:38,222] Ketais-MacBook-Pro.local/INFO/root: student o9.1.FnWfGIqb@h.kN.jTbj visits course USI4.
[2022-11-23 15:24:38,988] Ketais-MacBook-Pro.local/INFO/root: [TASK] download one attachment from one course
[2022-11-23 15:24:38,993] Ketais-MacBook-Pro.local/INFO/root: Learner hY7Djq.PO.6aV6mnB@Ju.s.gybV login
[2022-11-23 15:24:39,449] Ketais-MacBook-Pro.local/INFO/root: student hY7Djq.PO.6aV6mnB@Ju.s.gybV downloads attachment from course USI2.
[2022-11-23 15:24:41,950] Ketais-MacBook-Pro.local/INFO/root: [TASK] visit one course
[2022-11-23 15:24:41,954] Ketais-MacBook-Pro.local/INFO/root: Learner OHnXfJazTcHNX.8.wprpc@19.yr.NKgxM5 login
[2022-11-23 15:24:42,372] Ketais-MacBook-Pro.local/INFO/root: student OHnXfJazTcHNX.8.wprpc@19.yr.NKgxM5 visits course USI3.
[2022-11-23 15:24:44,806] Ketais-MacBook-Pro.local/INFO/root: [TASK] visit my courses
[2022-11-23 15:24:44,810] Ketais-MacBook-Pro.local/INFO/root: Learner 6vGxd.oZv7alQN1.kPlVG@o.zvKUG login
[2022-11-23 15:24:44,844] Ketais-MacBook-Pro.local/INFO/root: student 6vGxd.oZv7alQN1.kPlVG@o.zvKUG visits my courses.
[2022-11-23 15:24:48,564] Ketais-MacBook-Pro.local/INFO/root: [TASK] start one course
[2022-11-23 15:24:48,568] Ketais-MacBook-Pro.local/INFO/root: Learner o9.1.FnWfGIqb@h.kN.jTbj login
[2022-11-23 15:24:49,130] Ketais-MacBook-Pro.local/INFO/root: student o9.1.FnWfGIqb@h.kN.jTbj starts course USI3.
[2022-11-23 15:24:50,213] Ketais-MacBook-Pro.local/INFO/root: [TASK] visit my courses
[2022-11-23 15:24:50,217] Ketais-MacBook-Pro.local/INFO/root: Learner OHnXfJazTcHNX.8.wprpc@19.yr.NKgxM5 login
[2022-11-23 15:24:50,248] Ketais-MacBook-Pro.local/INFO/root: student OHnXfJazTcHNX.8.wprpc@19.yr.NKgxM5 visits my courses.
[2022-11-23 15:24:53,540] Ketais-MacBook-Pro.local/INFO/root: [TASK] visit one course
[2022-11-23 15:24:53,544] Ketais-MacBook-Pro.local/INFO/root: Learner hY7Djq.PO.6aV6mnB@Ju.s.gybV login
[2022-11-23 15:24:53,902] Ketais-MacBook-Pro.local/INFO/root: student hY7Djq.PO.6aV6mnB@Ju.s.gybV visits course AAS275.
[2022-11-23 15:24:57,773] Ketais-MacBook-Pro.local/INFO/root: [TASK] visit my courses
[2022-11-23 15:24:57,778] Ketais-MacBook-Pro.local/INFO/root: Learner o9.1.FnWfGIqb@h.kN.jTbj login
[2022-11-23 15:24:57,820] Ketais-MacBook-Pro.local/INFO/root: student o9.1.FnWfGIqb@h.kN.jTbj visits my courses.
[2022-11-23 15:24:58,862] Ketais-MacBook-Pro.local/INFO/root: [TASK] visit one course
[2022-11-23 15:24:58,866] Ketais-MacBook-Pro.local/INFO/root: Learner OHnXfJazTcHNX.8.wprpc@19.yr.NKgxM5 login
[2022-11-23 15:24:59,182] Ketais-MacBook-Pro.local/INFO/root: student OHnXfJazTcHNX.8.wprpc@19.yr.NKgxM5 visits course USI0.
[2022-11-23 15:25:01,368] Ketais-MacBook-Pro.local/INFO/root: [TASK] visit one course
[2022-11-23 15:25:01,372] Ketais-MacBook-Pro.local/INFO/root: Learner 6vGxd.oZv7alQN1.kPlVG@o.zvKUG login
[2022-11-23 15:25:01,700] Ketais-MacBook-Pro.local/INFO/root: student 6vGxd.oZv7alQN1.kPlVG@o.zvKUG visits course AAS281.
[2022-11-23 15:25:05,463] Ketais-MacBook-Pro.local/INFO/root: [TASK] visit one course
[2022-11-23 15:25:05,466] Ketais-MacBook-Pro.local/INFO/root: Learner OHnXfJazTcHNX.8.wprpc@19.yr.NKgxM5 login
[2022-11-23 15:25:05,839] Ketais-MacBook-Pro.local/INFO/root: student OHnXfJazTcHNX.8.wprpc@19.yr.NKgxM5 visits course USI1.
[2022-11-23 15:25:07,649] Ketais-MacBook-Pro.local/INFO/root: [TASK] visit one course
[2022-11-23 15:25:07,653] Ketais-MacBook-Pro.local/INFO/root: Learner o9.1.FnWfGIqb@h.kN.jTbj login
[2022-11-23 15:25:08,056] Ketais-MacBook-Pro.local/INFO/root: student o9.1.FnWfGIqb@h.kN.jTbj visits course USI4.
[2022-11-23 15:25:09,322] Ketais-MacBook-Pro.local/INFO/root: [TASK] visit my courses
[2022-11-23 15:25:09,328] Ketais-MacBook-Pro.local/INFO/root: Learner OHnXfJazTcHNX.8.wprpc@19.yr.NKgxM5 login
[2022-11-23 15:25:09,363] Ketais-MacBook-Pro.local/INFO/root: student OHnXfJazTcHNX.8.wprpc@19.yr.NKgxM5 visits my courses.
[2022-11-23 15:25:14,792] Ketais-MacBook-Pro.local/INFO/root: [TASK] visit one course
[2022-11-23 15:25:14,797] Ketais-MacBook-Pro.local/INFO/root: Learner 6vGxd.oZv7alQN1.kPlVG@o.zvKUG login
[2022-11-23 15:25:15,223] Ketais-MacBook-Pro.local/INFO/root: student 6vGxd.oZv7alQN1.kPlVG@o.zvKUG visits course AAS300.
[2022-11-23 15:25:15,872] Ketais-MacBook-Pro.local/INFO/root: [TASK] visit one course
[2022-11-23 15:25:15,876] Ketais-MacBook-Pro.local/INFO/root: Learner 6vGxd.oZv7alQN1.kPlVG@o.zvKUG login
[2022-11-23 15:25:16,249] Ketais-MacBook-Pro.local/INFO/root: student 6vGxd.oZv7alQN1.kPlVG@o.zvKUG visits course USI1.
[2022-11-23 15:25:17,188] Ketais-MacBook-Pro.local/INFO/root: [TASK] visit my courses
[2022-11-23 15:25:17,192] Ketais-MacBook-Pro.local/INFO/root: Learner 6vGxd.oZv7alQN1.kPlVG@o.zvKUG login
[2022-11-23 15:25:17,226] Ketais-MacBook-Pro.local/INFO/root: student 6vGxd.oZv7alQN1.kPlVG@o.zvKUG visits my courses.
[2022-11-23 15:25:24,690] Ketais-MacBook-Pro.local/INFO/root: [TASK] visit my courses
[2022-11-23 15:25:24,696] Ketais-MacBook-Pro.local/INFO/root: Learner o9.1.FnWfGIqb@h.kN.jTbj login
[2022-11-23 15:25:24,730] Ketais-MacBook-Pro.local/INFO/root: student o9.1.FnWfGIqb@h.kN.jTbj visits my courses.
[2022-11-23 15:25:24,761] Ketais-MacBook-Pro.local/INFO/root: [TASK] visit one course
[2022-11-23 15:25:24,765] Ketais-MacBook-Pro.local/INFO/root: Learner OHnXfJazTcHNX.8.wprpc@19.yr.NKgxM5 login
[2022-11-23 15:25:24,790] Ketais-MacBook-Pro.local/INFO/root: [TASK] visit one course
[2022-11-23 15:25:24,809] Ketais-MacBook-Pro.local/INFO/root: Learner DKUjEqXKFif.RDkqo@I.LUcMk login
[2022-11-23 15:25:25,189] Ketais-MacBook-Pro.local/INFO/root: student DKUjEqXKFif.RDkqo@I.LUcMk visits course USI0.
[2022-11-23 15:25:25,209] Ketais-MacBook-Pro.local/INFO/root: student OHnXfJazTcHNX.8.wprpc@19.yr.NKgxM5 visits course USI1.
[2022-11-23 15:25:32,781] Ketais-MacBook-Pro.local/INFO/root: [TASK] visit my courses
[2022-11-23 15:25:32,785] Ketais-MacBook-Pro.local/INFO/root: Learner o9.1.FnWfGIqb@h.kN.jTbj login
[2022-11-23 15:25:32,820] Ketais-MacBook-Pro.local/INFO/root: student o9.1.FnWfGIqb@h.kN.jTbj visits my courses.
[2022-11-23 15:25:33,371] Ketais-MacBook-Pro.local/INFO/root: [TASK] visit my courses
[2022-11-23 15:25:33,376] Ketais-MacBook-Pro.local/INFO/root: Learner hY7Djq.PO.6aV6mnB@Ju.s.gybV login
[2022-11-23 15:25:33,456] Ketais-MacBook-Pro.local/INFO/root: [TASK] visit one course
[2022-11-23 15:25:33,460] Ketais-MacBook-Pro.local/INFO/root: Learner 6vGxd.oZv7alQN1.kPlVG@o.zvKUG login
[2022-11-23 15:25:33,789] Ketais-MacBook-Pro.local/INFO/root: student hY7Djq.PO.6aV6mnB@Ju.s.gybV visits my courses.
[2022-11-23 15:25:34,168] Ketais-MacBook-Pro.local/INFO/root: student 6vGxd.oZv7alQN1.kPlVG@o.zvKUG visits course AAS201.
[2022-11-23 15:25:40,430] Ketais-MacBook-Pro.local/INFO/root: [TASK] start one course
[2022-11-23 15:25:40,433] Ketais-MacBook-Pro.local/INFO/root: Learner hY7Djq.PO.6aV6mnB@Ju.s.gybV login
[2022-11-23 15:25:41,206] Ketais-MacBook-Pro.local/INFO/root: [TASK] visit my courses
[2022-11-23 15:25:41,209] Ketais-MacBook-Pro.local/INFO/root: Learner OHnXfJazTcHNX.8.wprpc@19.yr.NKgxM5 login
[2022-11-23 15:25:41,241] Ketais-MacBook-Pro.local/INFO/root: student OHnXfJazTcHNX.8.wprpc@19.yr.NKgxM5 visits my courses.
[2022-11-23 15:25:41,649] Ketais-MacBook-Pro.local/INFO/root: student hY7Djq.PO.6aV6mnB@Ju.s.gybV starts course USI1.
[2022-11-23 15:25:42,832] Ketais-MacBook-Pro.local/INFO/root: [TASK] visit one course
[2022-11-23 15:25:42,835] Ketais-MacBook-Pro.local/INFO/root: Learner DKUjEqXKFif.RDkqo@I.LUcMk login
[2022-11-23 15:25:43,768] Ketais-MacBook-Pro.local/INFO/root: student DKUjEqXKFif.RDkqo@I.LUcMk visits course USI3.
[2022-11-23 15:25:47,997] Ketais-MacBook-Pro.local/INFO/root: [TASK] visit my courses
[2022-11-23 15:25:48,002] Ketais-MacBook-Pro.local/INFO/root: Learner DKUjEqXKFif.RDkqo@I.LUcMk login
[2022-11-23 15:25:48,036] Ketais-MacBook-Pro.local/INFO/root: student DKUjEqXKFif.RDkqo@I.LUcMk visits my courses.
[2022-11-23 15:25:50,562] Ketais-MacBook-Pro.local/INFO/root: [TASK] start one course
[2022-11-23 15:25:50,565] Ketais-MacBook-Pro.local/INFO/root: Learner 6vGxd.oZv7alQN1.kPlVG@o.zvKUG login
[2022-11-23 15:25:50,777] Ketais-MacBook-Pro.local/INFO/root: [TASK] visit one course
[2022-11-23 15:25:50,780] Ketais-MacBook-Pro.local/INFO/root: Learner hY7Djq.PO.6aV6mnB@Ju.s.gybV login
[2022-11-23 15:25:51,527] Ketais-MacBook-Pro.local/INFO/root: student hY7Djq.PO.6aV6mnB@Ju.s.gybV visits course AAS281.
[2022-11-23 15:25:51,815] Ketais-MacBook-Pro.local/INFO/root: student 6vGxd.oZv7alQN1.kPlVG@o.zvKUG starts course USI4.
[2022-11-23 15:25:56,685] Ketais-MacBook-Pro.local/INFO/root: [TASK] download one attachment from one course
[2022-11-23 15:25:56,690] Ketais-MacBook-Pro.local/INFO/root: Learner OHnXfJazTcHNX.8.wprpc@19.yr.NKgxM5 login
[2022-11-23 15:25:59,338] Ketais-MacBook-Pro.local/INFO/root: [TASK] visit one course
[2022-11-23 15:25:59,342] Ketais-MacBook-Pro.local/INFO/root: Learner o9.1.FnWfGIqb@h.kN.jTbj login
[2022-11-23 15:25:59,409] Ketais-MacBook-Pro.local/INFO/root: [TASK] visit one course
[2022-11-23 15:25:59,414] Ketais-MacBook-Pro.local/INFO/root: Learner DKUjEqXKFif.RDkqo@I.LUcMk login
[2022-11-23 15:25:59,662] Ketais-MacBook-Pro.local/INFO/root: student o9.1.FnWfGIqb@h.kN.jTbj visits course USI3.
[2022-11-23 15:25:59,766] Ketais-MacBook-Pro.local/INFO/root: student DKUjEqXKFif.RDkqo@I.LUcMk visits course USI4.
[2022-11-23 15:26:03,975] Ketais-MacBook-Pro.local/INFO/root: [TASK] visit my courses
[2022-11-23 15:26:03,980] Ketais-MacBook-Pro.local/INFO/root: Learner o9.1.FnWfGIqb@h.kN.jTbj login
[2022-11-23 15:26:04,014] Ketais-MacBook-Pro.local/INFO/root: student o9.1.FnWfGIqb@h.kN.jTbj visits my courses.
[2022-11-23 15:26:07,006] Ketais-MacBook-Pro.local/INFO/root: [TASK] visit one course
[2022-11-23 15:26:07,011] Ketais-MacBook-Pro.local/INFO/root: Learner 6vGxd.oZv7alQN1.kPlVG@o.zvKUG login
[2022-11-23 15:26:07,346] Ketais-MacBook-Pro.local/INFO/root: student 6vGxd.oZv7alQN1.kPlVG@o.zvKUG visits course AAS300.
[2022-11-23 15:26:08,445] Ketais-MacBook-Pro.local/INFO/root: [TASK] visit one course
[2022-11-23 15:26:08,450] Ketais-MacBook-Pro.local/INFO/root: Learner OHnXfJazTcHNX.8.wprpc@19.yr.NKgxM5 login
[2022-11-23 15:26:08,784] Ketais-MacBook-Pro.local/INFO/root: student OHnXfJazTcHNX.8.wprpc@19.yr.NKgxM5 visits course USI0.
[2022-11-23 15:26:11,626] Ketais-MacBook-Pro.local/INFO/root: [TASK] visit my courses
[2022-11-23 15:26:11,630] Ketais-MacBook-Pro.local/INFO/root: Learner OHnXfJazTcHNX.8.wprpc@19.yr.NKgxM5 login
[2022-11-23 15:26:11,665] Ketais-MacBook-Pro.local/INFO/root: student OHnXfJazTcHNX.8.wprpc@19.yr.NKgxM5 visits my courses.
[2022-11-23 15:26:14,025] Ketais-MacBook-Pro.local/INFO/root: [TASK] visit my courses
[2022-11-23 15:26:14,029] Ketais-MacBook-Pro.local/INFO/root: Learner hY7Djq.PO.6aV6mnB@Ju.s.gybV login
[2022-11-23 15:26:14,085] Ketais-MacBook-Pro.local/INFO/root: student hY7Djq.PO.6aV6mnB@Ju.s.gybV visits my courses.
[2022-11-23 15:26:17,342] Ketais-MacBook-Pro.local/INFO/root: [TASK] visit one course
[2022-11-23 15:26:17,346] Ketais-MacBook-Pro.local/INFO/root: Learner hY7Djq.PO.6aV6mnB@Ju.s.gybV login
[2022-11-23 15:26:18,271] Ketais-MacBook-Pro.local/INFO/root: student hY7Djq.PO.6aV6mnB@Ju.s.gybV visits course USI2.
[2022-11-23 15:26:20,359] Ketais-MacBook-Pro.local/INFO/root: [TASK] visit one course
[2022-11-23 15:26:20,363] Ketais-MacBook-Pro.local/INFO/root: Learner 6vGxd.oZv7alQN1.kPlVG@o.zvKUG login
[2022-11-23 15:26:20,764] Ketais-MacBook-Pro.local/INFO/root: student 6vGxd.oZv7alQN1.kPlVG@o.zvKUG visits course AAS297.
[2022-11-23 15:26:21,743] Ketais-MacBook-Pro.local/INFO/root: [TASK] visit one course
[2022-11-23 15:26:21,747] Ketais-MacBook-Pro.local/INFO/root: Learner 6vGxd.oZv7alQN1.kPlVG@o.zvKUG login
[2022-11-23 15:26:22,077] Ketais-MacBook-Pro.local/INFO/root: student 6vGxd.oZv7alQN1.kPlVG@o.zvKUG visits course USI4.
[2022-11-23 15:26:24,355] Ketais-MacBook-Pro.local/INFO/root: [TASK] visit one course
[2022-11-23 15:26:24,359] Ketais-MacBook-Pro.local/INFO/root: Learner 6vGxd.oZv7alQN1.kPlVG@o.zvKUG login
[2022-11-23 15:26:25,516] Ketais-MacBook-Pro.local/INFO/root: student 6vGxd.oZv7alQN1.kPlVG@o.zvKUG visits course USI0.
[2022-11-23 15:26:27,797] Ketais-MacBook-Pro.local/INFO/root: [TASK] visit one course
[2022-11-23 15:26:27,801] Ketais-MacBook-Pro.local/INFO/root: Learner hY7Djq.PO.6aV6mnB@Ju.s.gybV login
[2022-11-23 15:26:28,119] Ketais-MacBook-Pro.local/INFO/root: [TASK] visit one course
[2022-11-23 15:26:28,123] Ketais-MacBook-Pro.local/INFO/root: Learner 6vGxd.oZv7alQN1.kPlVG@o.zvKUG login
[2022-11-23 15:26:28,994] Ketais-MacBook-Pro.local/INFO/root: student hY7Djq.PO.6aV6mnB@Ju.s.gybV visits course AAS300.
[2022-11-23 15:26:29,162] Ketais-MacBook-Pro.local/INFO/root: student 6vGxd.oZv7alQN1.kPlVG@o.zvKUG visits course USI0.
[2022-11-23 15:26:32,622] Ketais-MacBook-Pro.local/INFO/root: [TASK] visit one course
[2022-11-23 15:26:32,626] Ketais-MacBook-Pro.local/INFO/root: Learner OHnXfJazTcHNX.8.wprpc@19.yr.NKgxM5 login
[2022-11-23 15:26:34,510] Ketais-MacBook-Pro.local/INFO/root: student OHnXfJazTcHNX.8.wprpc@19.yr.NKgxM5 visits course AAS275.
[2022-11-23 15:26:38,708] Ketais-MacBook-Pro.local/INFO/root: [TASK] visit one course
[2022-11-23 15:26:38,711] Ketais-MacBook-Pro.local/INFO/root: Learner DKUjEqXKFif.RDkqo@I.LUcMk login
[2022-11-23 15:26:38,900] Ketais-MacBook-Pro.local/INFO/root: [TASK] visit one course
[2022-11-23 15:26:38,905] Ketais-MacBook-Pro.local/INFO/root: Learner o9.1.FnWfGIqb@h.kN.jTbj login
[2022-11-23 15:26:41,053] Ketais-MacBook-Pro.local/INFO/root: student DKUjEqXKFif.RDkqo@I.LUcMk visits course AAS201.
[2022-11-23 15:26:41,087] Ketais-MacBook-Pro.local/INFO/root: student o9.1.FnWfGIqb@h.kN.jTbj visits course AAS310.
[2022-11-23 15:26:42,615] Ketais-MacBook-Pro.local/INFO/root: [TASK] visit my courses
[2022-11-23 15:26:42,619] Ketais-MacBook-Pro.local/INFO/root: Learner 6vGxd.oZv7alQN1.kPlVG@o.zvKUG login
[2022-11-23 15:26:42,651] Ketais-MacBook-Pro.local/INFO/root: student 6vGxd.oZv7alQN1.kPlVG@o.zvKUG visits my courses.
[2022-11-23 15:26:48,654] Ketais-MacBook-Pro.local/INFO/root: [TASK] visit one course
[2022-11-23 15:26:48,657] Ketais-MacBook-Pro.local/INFO/root: Learner OHnXfJazTcHNX.8.wprpc@19.yr.NKgxM5 login
[2022-11-23 15:26:49,055] Ketais-MacBook-Pro.local/INFO/root: [TASK] visit one course
[2022-11-23 15:26:49,059] Ketais-MacBook-Pro.local/INFO/root: Learner OHnXfJazTcHNX.8.wprpc@19.yr.NKgxM5 login
[2022-11-23 15:26:49,072] Ketais-MacBook-Pro.local/INFO/root: student OHnXfJazTcHNX.8.wprpc@19.yr.NKgxM5 visits course AAS310.
[2022-11-23 15:26:49,495] Ketais-MacBook-Pro.local/INFO/root: student OHnXfJazTcHNX.8.wprpc@19.yr.NKgxM5 visits course USI0.
[2022-11-23 15:26:52,581] Ketais-MacBook-Pro.local/INFO/root: [TASK] visit one course
[2022-11-23 15:26:52,585] Ketais-MacBook-Pro.local/INFO/root: Learner hY7Djq.PO.6aV6mnB@Ju.s.gybV login
[2022-11-23 15:26:52,991] Ketais-MacBook-Pro.local/INFO/root: student hY7Djq.PO.6aV6mnB@Ju.s.gybV visits course AAS275.
[2022-11-23 15:26:58,263] Ketais-MacBook-Pro.local/INFO/locust.runners: Shape test stopping
[2022-11-23 15:27:38,772] Ketais-MacBook-Pro.local/INFO/locust.main: writing html report to file: alemira_report.html
[2022-11-23 15:27:38,775] Ketais-MacBook-Pro.local/INFO/locust.main: Shutting down (exit code 0)
